C51 COMPILER V9.00   DS18B20                                                               12/01/2020 22:41:55 PAGE 1   


C51 COMPILER V9.00, COMPILATION OF MODULE DS18B20
OBJECT MODULE PLACED IN .\OBJ\DS18B20.obj
COMPILER INVOKED BY: E:\Keil_v4\C51\BIN\C51.EXE SRC\DS18B20.c BROWSE DEBUG OBJECTEXTEND PRINT(.\DS18B20.lst) OBJECT(.\OB
                    -J\DS18B20.obj)

line level    source

   1          #include "DS18B20.h"
   2          /*******************************************************************************
   3          * 函数名         : Delay1ms
   4          * 函数功能               : 延时函数
   5          * 输入           : 无
   6          * 输出           : 无
   7          *******************************************************************************/
   8          
   9          void Delay1ms(unsigned int y)
  10          {
  11   1              unsigned int x;
  12   1              for (y; y > 0; y--)
  13   1                      for (x = 110; x > 0; x--)
  14   1                              ;
  15   1      }
  16          /*******************************************************************************
  17          * 函数名         : Ds18b20Init
  18          * 函数功能               : 初始化
  19          * 输入           : 无
  20          * 输出           : 初始化成功返回1，失败返回0
  21          *******************************************************************************/
  22          
  23          unsigned char Ds18b20Init()
  24          {
  25   1              unsigned int i;
  26   1              DSPORT = 0; //将总线拉低480us~960us
  27   1              i = 70;
  28   1              while (i--)
  29   1                      ;               //延时642us
  30   1              DSPORT = 1; //然后拉高总线，如果DS18B20做出反应会将在15us~60us后总线拉低
  31   1              i = 0;
  32   1              while (DSPORT) //等待DS18B20拉低总线
  33   1              {
  34   2                      i++;
  35   2                      if (i > 5000) //等待>5MS
  36   2                              return 0; //初始化失败
  37   2              }
  38   1              return 1; //初始化成功
  39   1      }
  40          
  41          /*******************************************************************************
  42          * 函数名         : Ds18b20WriteByte
  43          * 函数功能               : 向18B20写入一个字节
  44          * 输入           : 无
  45          * 输出           : 无
  46          *******************************************************************************/
  47          
  48          void Ds18b20WriteByte(unsigned char dat)
  49          {
  50   1              unsigned int i, j;
  51   1              for (j = 0; j < 8; j++)
  52   1              {
  53   2                      DSPORT = 0; //每写入一位数据之前先把总线拉低1us
  54   2                      i++;
C51 COMPILER V9.00   DS18B20                                                               12/01/2020 22:41:55 PAGE 2   

  55   2                      DSPORT = dat & 0x01; //然后写入一个数据，从最低位开始
  56   2                      i = 6;
  57   2                      while (i--)
  58   2                              ;               //延时68us，持续时间最少60us
  59   2                      DSPORT = 1; //然后释放总线，至少1us给总线恢复时间才能接着写入第二个数值
  60   2                      dat >>= 1;
  61   2              }
  62   1      }
  63          
  64          /*******************************************************************************
  65          * 函数名         : Ds18b20ReadByte
  66          * 函数功能               : 读取一个字节
  67          * 输入           : 无
  68          * 输出           : 无
  69          *******************************************************************************/
  70          unsigned char Ds18b20ReadByte()
  71          {
  72   1              unsigned char byte, bi;
  73   1              unsigned int i, j;
  74   1              for (j = 8; j > 0; j--)
  75   1              {
  76   2                      DSPORT = 0; //先将总线拉低1us
  77   2                      i++;
  78   2                      DSPORT = 1; //然后释放总线
  79   2                      i++;
  80   2                      i++;             //延时6us等待数据稳定
  81   2                      bi = DSPORT; //读取数据，从最低位开始读取
  82   2                      //将byte左移一位，然后与上右移7位后的bi，注意移动之后移掉那位补0。
  83   2                      byte = (byte >> 1) | (bi << 7);
  84   2                      i = 4; //读取完之后等待48us再接着读取下一个数
  85   2                      while (i--)
  86   2                              ;
  87   2              }
  88   1              return byte;
  89   1      }
  90          
  91          /*******************************************************************************
  92          * 函数名         : Ds18b20ChangTemp
  93          * 函数功能               : 让18b20开始转换温度
  94          * 输入           : 无
  95          * 输出           : 无
  96          *******************************************************************************/
  97          void Ds18b20ChangTemp()
  98          {
  99   1              Ds18b20Init();
 100   1              Delay1ms(1);
 101   1              Ds18b20WriteByte(0xcc); //跳过ROM操作命令
 102   1              Ds18b20WriteByte(0x44); //温度转换命令
 103   1      }
 104          /*******************************************************************************
 105          * 函数名         : Ds18b20ReadTempCom
 106          * 函数功能               : 发送读取温度命令
 107          * 输入           : 无
 108          * 输出           : 无
 109          *******************************************************************************/
 110          void Ds18b20ReadTempCom()
 111          {
 112   1      
 113   1              Ds18b20Init();
 114   1              Delay1ms(1);
 115   1              Ds18b20WriteByte(0xcc); //跳过ROM操作命令
 116   1              Ds18b20WriteByte(0xbe); //发送读取温度命令
C51 COMPILER V9.00   DS18B20                                                               12/01/2020 22:41:55 PAGE 3   

 117   1      }
 118          
 119          /*******************************************************************************
 120          * 函数名         : Ds18b20ReadTemp
 121          * 函数功能               : 读取温度
 122          * 输入           : 无
 123          * 输出           : 无
 124          *******************************************************************************/
 125          int Ds18b20ReadTemp()
 126          {
 127   1              int temp = 0;
 128   1              unsigned char tmh, tml;
 129   1              Ds18b20ChangTemp();              //先写入转换命令
 130   1              Ds18b20ReadTempCom();    //然后等待转换完后发送读取温度命令
 131   1              tml = Ds18b20ReadByte(); //读取温度值共16位，先读低字节
 132   1              tmh = Ds18b20ReadByte(); //再读高字节
 133   1              temp = tmh;
 134   1              temp <<= 8;
 135   1              temp |= tml;
 136   1              return temp;
 137   1      }


MODULE INFORMATION:   STATIC OVERLAYABLE
   CODE SIZE        =    241    ----
   CONSTANT SIZE    =   ----    ----
   XDATA SIZE       =   ----    ----
   PDATA SIZE       =   ----    ----
   DATA SIZE        =   ----       3
   IDATA SIZE       =   ----    ----
   BIT SIZE         =   ----    ----
END OF MODULE INFORMATION.


C51 COMPILATION COMPLETE.  0 WARNING(S),  0 ERROR(S)
